Dados recebidos: Array
(
    [id] => 7
    [codigoTUSS] => 1
    [Descricao_Apresentacao] => 1
    [Descricao_Resumida] => 
    [Descricao_Comercial] => 
    [Concentracao] => 150
    [Unidade_Fracionamento] => COM
    [Fracionamento] => 
    [Laboratório] => 43940618000144
    [Revisado] => 
    [Cód GGrem] => 507619060022402
    [Princípio_Ativo] => ABEMACICLIBE
    [Laboratorio] => ELI LILLY DO BRASIL LTDA
    [CNPJ Lab] => 43940618000144
    [Classe Terapêutica] => L1H  INIBIDORES DE PROTEINA QUINASE
    [Tipo do Produto] => Novo
    [Regime Preço] => Regulado
    [Restrição Hosp] => Não
    [Cap] => Não
    [Confaz87] => Não
    [ICMS0] => Não
    [Lista] => Negativa
    [Status] => Ativo
    [Tabela] => Medicamento Oral
    [Tabela Classe] => Oncologia
    [Tabela tipo] => Material e Medicamento
    [Classe JaraguaSul] => Medicamento
    [Classificação tipo] => Medicamento
    [Finalidade] => Medicamentos
    [Objetivo] => Reembolso Serviço
    [Via_Administração] => Oral
    [Classe_Farmaceutica] => Referência
    [Princípio_Ativo_Classificado] => 
    [FaseuGF] => 
    [Armazenamento] => Necessita Classificação
    [Medicamento] => Referência
    [Descricao] => Comprimido
    [Divisor] => Sim
    [Fator_Conversão] => 1
    [ID Taxa] => 11
    [tipo taxa] => Necessita Classificação
    [finalidade] => Necessita Classificação
    [Tempo infusão] => 00:00:00
)

Dados recebidos: Array
(
    [id] => 7
    [codigoTUSS] => 1
    [Descricao_Apresentacao] => 1
    [Descricao_Resumida] => 
    [Descricao_Comercial] => 
    [Concentracao] => 150
    [Unidade_Fracionamento] => COM
    [Fracionamento] => 
    [Laboratório] => 43940618000144
    [Revisado] => 
    [Cód GGrem] => 507619060022402
    [Princípio_Ativo] => ABEMACICLIBE
    [Laboratorio] => ELI LILLY DO BRASIL LTDA
    [CNPJ Lab] => 43940618000144
    [Classe Terapêutica] => L1H  INIBIDORES DE PROTEINA QUINASE
    [Tipo do Produto] => Novo
    [Regime Preço] => Regulado
    [Restrição Hosp] => Não
    [Cap] => Não
    [Confaz87] => Não
    [ICMS0] => Não
    [Lista] => Negativa
    [Status] => Ativo
    [Tabela] => Medicamento Oral
    [Tabela Classe] => Oncologia
    [Tabela tipo] => Material e Medicamento
    [Classe JaraguaSul] => Medicamento
    [Classificação tipo] => Medicamento
    [Finalidade] => Medicamentos
    [Objetivo] => Reembolso Serviço
    [Via_Administração] => Oral
    [Classe_Farmaceutica] => Referência
    [Princípio_Ativo_Classificado] => 
    [FaseuGF] => 
    [Armazenamento] => Necessita Classificação
    [Medicamento] => Referência
    [Descricao] => Comprimido
    [Divisor] => Sim
    [Fator_Conversão] => 1
    [ID Taxa] => 11
    [tipo taxa] => Necessita Classificação
    [finalidade] => Necessita Classificação
    [Tempo infusão] => 00:00:00
)

Parâmetros: Array
(
    [0] => 1
    [1] => 1
    [2] => 
    [3] => 
    [4] => 150
    [5] => COM
    [6] => 
    [7] => ELI LILLY DO BRASIL LTDA
    [8] => 
    [9] => 1126001990069
    [10] => 9
    [11] => 2
    [12] => 2
    [13] => 0
    [14] => 88
    [15] => 
    [16] => 3
    [17] => 1
    [18] => 11
    [19] => 7
)

Exceção: Erro ao executar a atualização: Incorrect integer value: 'COM' for column 'UnidadeFracionamento' at row 1
Dados recebidos: Array
(
    [id] => 8
    [codigoTUSS] => 1
    [Descricao_Apresentacao] => ABEMACICLIBE
    [Descricao_Resumida] => 
    [Descricao_Comercial] => 
    [Concentracao] => 200
    [Unidade_Fracionamento] => COM
    [Fracionamento] => 
    [Laboratório] => 43940618000144
    [Revisado] => 
    [Cód GGrem] => 507619060022502
    [Princípio_Ativo] => ABEMACICLIBE
    [Laboratorio] => ELI LILLY DO BRASIL LTDA
    [CNPJ Lab] => 43940618000144
    [Classe Terapêutica] => L1H  INIBIDORES DE PROTEINA QUINASE
    [Tipo do Produto] => Novo
    [Regime Preço] => Regulado
    [Restrição Hosp] => Não
    [Cap] => Não
    [Confaz87] => Não
    [ICMS0] => Não
    [Lista] => Negativa
    [Status] => Ativo
    [Tabela] => Medicamento Oral
    [Tabela Classe] => Oncologia
    [Tabela tipo] => Material e Medicamento
    [Classe JaraguaSul] => Medicamento
    [Classificação tipo] => Medicamento
    [Finalidade] => Medicamentos
    [Objetivo] => Reembolso Serviço
    [Via_Administração] => Oral
    [Classe_Farmaceutica] => Referência
    [Princípio_Ativo_Classificado] => 
    [FaseuGF] => 
    [Armazenamento] => Necessita Classificação
    [Medicamento] => Referência
    [Descricao] => Comprimido
    [Divisor] => Sim
    [Fator_Conversão] => 1
    [ID Taxa] => 11
    [tipo taxa] => Necessita Classificação
    [finalidade] => Necessita Classificação
    [Tempo infusão] => 00:00:00
)

Parâmetros: Array
(
    [0] => 1
    [1] => ABEMACICLIBE
    [2] => 
    [3] => 
    [4] => 200
    [5] => COM
    [6] => 
    [7] => ELI LILLY DO BRASIL LTDA
    [8] => 
    [9] => 1126001990077
    [10] => 9
    [11] => 2
    [12] => 2
    [13] => 0
    [14] => 88
    [15] => 1
    [16] => 3
    [17] => 1
    [18] => 11
    [19] => 8
)

Exceção: Erro ao executar a atualização: Incorrect integer value: 'COM' for column 'UnidadeFracionamento' at row 1
[2025-03-05 15:50:50] Dados recebidos: Array
(
    [id] => 7
    [codigoTUSS] => 1
    [Descricao_Apresentacao] => 1
    [Descricao_Resumida] => 
    [Descricao_Comercial] => 
    [Concentracao] => 150
    [Unidade_Fracionamento] => COM
    [Fracionamento] => 
    [Laboratório] => 43940618000144
    [Revisado] => 
    [Cód GGrem] => 507619060022402
    [Princípio_Ativo] => ABEMACICLIBE
    [Laboratorio] => ELI LILLY DO BRASIL LTDA
    [CNPJ Lab] => 43940618000144
    [Classe Terapêutica] => L1H  INIBIDORES DE PROTEINA QUINASE
    [Tipo do Produto] => Novo
    [Regime Preço] => Regulado
    [Restrição Hosp] => Não
    [Cap] => Não
    [Confaz87] => Não
    [ICMS0] => Não
    [Lista] => Negativa
    [Status] => Ativo
    [Tabela] => Medicamento Oral
    [Tabela Classe] => Oncologia
    [Tabela tipo] => Material e Medicamento
    [Classe JaraguaSul] => Medicamento
    [Classificação tipo] => Medicamento
    [Finalidade] => Medicamentos
    [Objetivo] => Reembolso Serviço
    [Via_Administração] => Oral
    [Classe_Farmaceutica] => Referência
    [Princípio_Ativo_Classificado] => 
    [FaseuGF] => 
    [Armazenamento] => Necessita Classificação
    [Medicamento] => Referência
    [Descricao] => Comprimido
    [Divisor] => Sim
    [Fator_Conversão] => 1
    [ID Taxa] => 11
    [tipo taxa] => Necessita Classificação
    [finalidade] => Necessita Classificação
    [Tempo infusão] => 00:00:00
)

[2025-03-05 15:59:07] Dados recebidos: Array
(
    [id] => 7
    [codigoTUSS] => 1
    [Descricao_Apresentacao] => 1
    [Descricao_Resumida] => 
    [Descricao_Comercial] => 
    [Concentracao] => 150
    [Unidade_Fracionamento] => COM
    [Fracionamento] => 
    [Laboratório] => 43940618000144
    [Revisado] => 
    [Cód GGrem] => 507619060022402
    [Princípio_Ativo] => ABEMACICLIBE
    [Laboratorio] => ELI LILLY DO BRASIL LTDA
    [CNPJ Lab] => 43940618000144
    [Classe Terapêutica] => L1H  INIBIDORES DE PROTEINA QUINASE
    [Tipo do Produto] => Novo
    [Regime Preço] => Regulado
    [Restrição Hosp] => Não
    [Cap] => Não
    [Confaz87] => Não
    [ICMS0] => Não
    [Lista] => Negativa
    [Status] => Ativo
    [Tabela] => Medicamento Oral
    [Tabela Classe] => Oncologia
    [Tabela tipo] => Material e Medicamento
    [Classe JaraguaSul] => Medicamento
    [Classificação tipo] => Medicamento
    [Finalidade] => Medicamentos
    [Objetivo] => Reembolso Serviço
    [Via_Administração] => Oral
    [Classe_Farmaceutica] => Referência
    [Princípio_Ativo_Classificado] => 
    [FaseuGF] => 
    [Armazenamento] => Necessita Classificação
    [Medicamento] => Referência
    [Descricao] => Comprimido
    [Divisor] => Sim
    [Fator_Conversão] => 1
    [ID Taxa] => 11
    [tipo taxa] => Necessita Classificação
    [finalidade] => Necessita Classificação
    [Tempo infusão] => 00:00:00
)

[2025-03-05 16:02:15] Dados recebidos: Array
(
    [id] => 7
    [codigoTUSS] => 1
    [Descricao_Apresentacao] => 1
    [Descricao_Resumida] => 
    [Descricao_Comercial] => 
    [Concentracao] => 150
    [Unidade_Fracionamento] => COM
    [Fracionamento] => 
    [Laboratório] => 43940618000144
    [Revisado] => 
    [Cód GGrem] => 507619060022402
    [Princípio_Ativo] => ABEMACICLIBE
    [Laboratorio] => ELI LILLY DO BRASIL LTDA
    [CNPJ Lab] => 43940618000144
    [Classe Terapêutica] => L1H  INIBIDORES DE PROTEINA QUINASE
    [Tipo do Produto] => Novo
    [Regime Preço] => Regulado
    [Restrição Hosp] => Não
    [Cap] => Não
    [Confaz87] => Não
    [ICMS0] => Não
    [Lista] => Negativa
    [Status] => Ativo
    [Tabela] => Medicamento Oral
    [Tabela Classe] => Oncologia
    [Tabela tipo] => Material e Medicamento
    [Classe JaraguaSul] => Medicamento
    [Classificação tipo] => Medicamento
    [Finalidade] => Medicamentos
    [Objetivo] => Reembolso Serviço
    [Via_Administração] => Oral
    [Classe_Farmaceutica] => Referência
    [Princípio_Ativo_Classificado] => 
    [FaseuGF] => 
    [Armazenamento] => Necessita Classificação
    [Medicamento] => Referência
    [Descricao] => Comprimido
    [Divisor] => Sim
    [Fator_Conversão] => 1
    [ID Taxa] => 11
    [tipo taxa] => Necessita Classificação
    [finalidade] => Necessita Classificação
    [Tempo infusão] => 00:00:00
)

[2025-03-05 16:32:48] Dados recebidos: Array
(
    [id] => 7
    [codigoTUSS] => 1
    [Descricao_Apresentacao] => 1
    [Descricao_Resumida] => 
    [Descricao_Comercial] => 
    [Concentracao] => 150
    [Unidade_Fracionamento] => COM
    [Fracionamento] => 
    [Laboratório] => 43940618000144
    [Revisado] => 
    [Cód GGrem] => 507619060022402
    [Princípio_Ativo] => ABEMACICLIBE
    [Laboratorio] => ELI LILLY DO BRASIL LTDA
    [CNPJ Lab] => 43940618000144
    [Classe Terapêutica] => L1H  INIBIDORES DE PROTEINA QUINASE
    [Tipo do Produto] => Novo
    [Regime Preço] => Regulado
    [Restrição Hosp] => Não
    [Cap] => Não
    [Confaz87] => Não
    [ICMS0] => Não
    [Lista] => Negativa
    [Status] => Ativo
    [Tabela] => Medicamento Oral
    [Tabela Classe] => Oncologia
    [Tabela tipo] => Material e Medicamento
    [Classe JaraguaSul] => Medicamento
    [Classificação tipo] => Medicamento
    [Finalidade] => Medicamentos
    [Objetivo] => Reembolso Serviço
    [Via_Administração] => Oral
    [Classe_Farmaceutica] => Referência
    [Princípio_Ativo_Classificado] => 
    [FaseuGF] => 
    [Armazenamento] => Necessita Classificação
    [Medicamento] => Referência
    [Descricao] => Comprimido
    [Divisor] => Sim
    [Fator_Conversão] => 1
    [ID Taxa] => 11
    [tipo taxa] => Necessita Classificação
    [finalidade] => Necessita Classificação
    [Tempo infusão] => 00:00:00
)

[2025-03-05 16:34:26] Dados recebidos: Array
(
    [id] => 7
    [codigoTUSS] => 2
    [Descricao_Apresentacao] => 1
    [Descricao_Resumida] => 
    [Descricao_Comercial] => 
    [Concentracao] => 150
    [Unidade_Fracionamento] => COM
    [Fracionamento] => 
    [Laboratório] => 43940618000144
    [Revisado] => 
    [Cód GGrem] => 507619060022402
    [Princípio_Ativo] => ABEMACICLIBE
    [Laboratorio] => ELI LILLY DO BRASIL LTDA
    [CNPJ Lab] => 43940618000144
    [Classe Terapêutica] => L1H  INIBIDORES DE PROTEINA QUINASE
    [Tipo do Produto] => Novo
    [Regime Preço] => Regulado
    [Restrição Hosp] => Não
    [Cap] => Não
    [Confaz87] => Não
    [ICMS0] => Não
    [Lista] => Negativa
    [Status] => Ativo
    [Tabela] => Medicamento Oral
    [Tabela Classe] => Oncologia
    [Tabela tipo] => Material e Medicamento
    [Classe JaraguaSul] => Medicamento
    [Classificação tipo] => Medicamento
    [Finalidade] => Medicamentos
    [Objetivo] => Reembolso Serviço
    [Via_Administração] => Oral
    [Classe_Farmaceutica] => Referência
    [Princípio_Ativo_Classificado] => 
    [FaseuGF] => 
    [Armazenamento] => Necessita Classificação
    [Medicamento] => Referência
    [Descricao] => Comprimido
    [Divisor] => Sim
    [Fator_Conversão] => 1
    [ID Taxa] => 11
    [tipo taxa] => Necessita Classificação
    [finalidade] => Necessita Classificação
    [Tempo infusão] => 00:00:00
)

[2025-03-05 16:44:43] Dados recebidos: Array
(
    [id] => 1
    [codigoTUSS] => 1
    [Descricao_Apresentacao] => 1
    [Descricao_Resumida] => 12345
    [Descricao_Comercial] => 12345
    [Concentracao] => 1
    [Unidade_Fracionamento] => Não se Aplica
    [Fracionamento] => 
    [Laboratório] => 
    [Revisado] => 
    [Cód GGrem] => 
    [Princípio_Ativo] => NÃO SE APLICA
    [Principio_Ativo] => 
    [Laboratorio] => 
    [CNPJ Lab] => 
    [Classe Terapêutica] => 
    [Tipo do Produto] => 
    [Regime Preço] => 
    [Restrição Hosp] => 
    [Cap] => 
    [Confaz87] => 
    [ICMS0] => 
    [Lista] => 
    [Status] => 
    [Tabela] => Medicamento Oncologia
    [Tabela Classe] => Oncologia
    [Tabela tipo] => Material e Medicamento
    [Classe JaraguaSul] => Medicamento
    [Classificação tipo] => Medicamento
    [Finalidade] => Necessita Classificação
    [Objetivo] => Medicamentos
    [Via_Administração] => Outras
    [Classe_Farmaceutica] => Biológico
    [Princípio_Ativo_Classificado] => 
    [FaseuGF] => 
    [Armazenamento] => Necessita Classificação
    [Medicamento] => Necessita Classificação
    [Descricao] => Não se Aplica
    [Divisor] => 
    [Fator_Conversão] => 1
    [ID Taxa] => 11
    [tipo taxa] => Necessita Classificação
    [finalidade] => Necessita Classificação
    [Tempo infusão] => 00:00:00
)

[2025-03-05 16:44:59] Dados recebidos: Array
(
    [id] => 7
    [codigoTUSS] => 1
    [Descricao_Apresentacao] => 1
    [Descricao_Resumida] => 
    [Descricao_Comercial] => 
    [Concentracao] => 150
    [Unidade_Fracionamento] => COM
    [Fracionamento] => 
    [Laboratório] => 43940618000144
    [Revisado] => 
    [Cód GGrem] => 507619060022402
    [Princípio_Ativo] => ABEMACICLIBE
    [Principio_Ativo] => ABEMACICLIBE
    [Laboratorio] => ELI LILLY DO BRASIL LTDA
    [CNPJ Lab] => 43940618000144
    [Classe Terapêutica] => L1H  INIBIDORES DE PROTEINA QUINASE
    [Tipo do Produto] => Novo
    [Regime Preço] => Regulado
    [Restrição Hosp] => Não
    [Cap] => Não
    [Confaz87] => Não
    [ICMS0] => Não
    [Lista] => Negativa
    [Status] => Ativo
    [Tabela] => Medicamento Oral
    [Tabela Classe] => Oncologia
    [Tabela tipo] => Material e Medicamento
    [Classe JaraguaSul] => Medicamento
    [Classificação tipo] => Medicamento
    [Finalidade] => Medicamentos
    [Objetivo] => Reembolso Serviço
    [Via_Administração] => Oral
    [Classe_Farmaceutica] => Referência
    [Princípio_Ativo_Classificado] => 
    [FaseuGF] => 
    [Armazenamento] => Necessita Classificação
    [Medicamento] => Referência
    [Descricao] => Comprimido
    [Divisor] => Sim
    [Fator_Conversão] => 1
    [ID Taxa] => 11
    [tipo taxa] => Necessita Classificação
    [finalidade] => Necessita Classificação
    [Tempo infusão] => 00:00:00
)

[2025-03-05 16:45:11] Dados recebidos: Array
(
    [id] => 1
    [codigoTUSS] => 1
    [Descricao_Apresentacao] => 1
    [Descricao_Resumida] => 12345
    [Descricao_Comercial] => 12345
    [Concentracao] => 1
    [Unidade_Fracionamento] => Não se Aplica
    [Fracionamento] => 
    [Laboratório] => 
    [Revisado] => 
    [Cód GGrem] => 
    [Princípio_Ativo] => NÃO SE APLICA
    [Principio_Ativo] => 
    [Laboratorio] => 
    [CNPJ Lab] => 
    [Classe Terapêutica] => 
    [Tipo do Produto] => 
    [Regime Preço] => 
    [Restrição Hosp] => 
    [Cap] => 
    [Confaz87] => 
    [ICMS0] => 
    [Lista] => 
    [Status] => 
    [Tabela] => Medicamento Oncologia
    [Tabela Classe] => Oncologia
    [Tabela tipo] => Material e Medicamento
    [Classe JaraguaSul] => Medicamento
    [Classificação tipo] => Medicamento
    [Finalidade] => Necessita Classificação
    [Objetivo] => Medicamentos
    [Via_Administração] => Outras
    [Classe_Farmaceutica] => Biológico
    [Princípio_Ativo_Classificado] => 
    [FaseuGF] => 
    [Armazenamento] => Necessita Classificação
    [Medicamento] => Necessita Classificação
    [Descricao] => Não se Aplica
    [Divisor] => 
    [Fator_Conversão] => 1
    [ID Taxa] => 11
    [tipo taxa] => Necessita Classificação
    [finalidade] => Necessita Classificação
    [Tempo infusão] => 00:00:00
)

[2025-03-05 16:45:50] Dados recebidos: Array
(
    [id] => 1
    [codigoTUSS] => 1
    [Descricao_Apresentacao] => 1
    [Descricao_Resumida] => 12345
    [Descricao_Comercial] => 12345
    [Concentracao] => 1
    [Unidade_Fracionamento] => Não se Aplica
    [Fracionamento] => 
    [Laboratório] => 
    [Revisado] => 
    [Cód GGrem] => 
    [Princípio_Ativo] => NÃO SE APLICA
    [Principio_Ativo] => 
    [Laboratorio] => 
    [CNPJ Lab] => 
    [Classe Terapêutica] => 
    [Tipo do Produto] => 
    [Regime Preço] => 
    [Restrição Hosp] => 
    [Cap] => 
    [Confaz87] => 
    [ICMS0] => 
    [Lista] => 
    [Status] => 
    [Tabela] => Medicamento Oncologia
    [Tabela Classe] => Oncologia
    [Tabela tipo] => Material e Medicamento
    [Classe JaraguaSul] => Medicamento
    [Classificação tipo] => Medicamento
    [Finalidade] => Necessita Classificação
    [Objetivo] => Medicamentos
    [Via_Administração] => Outras
    [Classe_Farmaceutica] => Biológico
    [Princípio_Ativo_Classificado] => 
    [FaseuGF] => 
    [Armazenamento] => Necessita Classificação
    [Medicamento] => Necessita Classificação
    [Descricao] => Não se Aplica
    [Divisor] => 
    [Fator_Conversão] => 1
    [ID Taxa] => 11
    [tipo taxa] => Necessita Classificação
    [finalidade] => Necessita Classificação
    [Tempo infusão] => 00:00:00
)

